<?xml version="1.0" encoding="UTF-8"?>
<testng-results skipped="0" failed="0" ignored="0" total="1" passed="1">
  <reporter-output>
  </reporter-output>
  <suite name="Command line suite" duration-ms="2402" started-at="2022-04-14T11:08:58Z" finished-at="2022-04-14T11:09:00Z">
    <groups>
    </groups>
    <test name="Command line test" duration-ms="2402" started-at="2022-04-14T11:08:58Z" finished-at="2022-04-14T11:09:00Z">
      <class name="tests.Test01_Get">
        <test-method status="PASS" signature="test()[pri:0, instance:tests.Test01_Get@90f6bfd]" name="test" duration-ms="2392" started-at="2022-04-14T11:08:58Z" finished-at="2022-04-14T11:09:00Z">
          <reporter-output>
          </reporter-output>
        </test-method> <!-- test -->
      </class> <!-- tests.Test01_Get -->
    </test> <!-- Command line test -->
  </suite> <!-- Command line suite -->
</testng-results>
